SF:lib\features\number_trivia\data\models\number_trivia_model.dart
DA:5,3
DA:8,1
DA:10,1
DA:11,1
DA:12,3
DA:15,1
DA:16,1
DA:17,1
DA:18,1
LF:9
LH:9
end_of_record
SF:lib\features\number_trivia\domain\entities\number_trivia.dart
DA:6,5
DA:11,1
DA:12,3
LF:3
LH:3
end_of_record
SF:lib\core\error\failures.dart
DA:6,1
DA:7,1
LF:2
LH:2
end_of_record
SF:lib\features\number_trivia\data\repository-impl\number_trivia_repository_impl.dart
DA:14,1
DA:19,1
DA:22,2
DA:25,2
DA:26,2
DA:27,1
DA:28,1
DA:29,2
DA:33,2
DA:34,1
DA:35,1
DA:36,2
DA:41,1
DA:43,2
DA:45,2
DA:46,2
DA:47,1
DA:48,1
DA:49,2
DA:53,2
DA:54,1
DA:55,1
DA:56,2
LF:23
LH:23
end_of_record
SF:lib\core\usecases\usecase.dart
DA:11,0
DA:12,0
LF:2
LH:0
end_of_record
SF:lib\features\number_trivia\domain\usecases\get_concrete_number_trivia.dart
DA:13,1
DA:16,1
DA:18,3
DA:24,1
DA:26,0
DA:27,0
LF:6
LH:4
end_of_record
SF:lib\features\number_trivia\domain\usecases\get_random_number_trivia.dart
DA:12,1
DA:15,1
DA:17,2
LF:3
LH:3
end_of_record
